Mar 16, 2022 12:53:21 PM stepDefs.Hooks startUp
INFO: Scenario TFSAgile_Task run is starting now
Mar 16, 2022 12:53:21 PM stepDefs.Hooks startUp
INFO: Scenario start time: 2022-03-16 12:53:21.871
Mar 16, 2022 12:58:33 PM testobjects.CommonFunctions generateToken
INFO: token gen comlpete
Mar 16, 2022 12:58:34 PM testobjects.CommonFunctions copyFileContentFromOneFileToAnother
INFO: Property File loaded
Mar 16, 2022 12:58:38 PM stepDefs.Hooks closeDown
INFO: =======================================================================
Mar 16, 2022 12:58:38 PM stepDefs.Hooks closeDown
INFO: Scenario  FAILED during execution. Scenario end time: 2022-03-16 12:58:38.181
Mar 16, 2022 12:58:51 PM stepDefs.Hooks startUp
INFO: Scenario TFSAgile_Epic run is starting now
Mar 16, 2022 12:58:51 PM stepDefs.Hooks startUp
INFO: Scenario start time: 2022-03-16 12:58:51.921
Mar 16, 2022 12:58:53 PM stepDefs.Hooks closeDown
INFO: =======================================================================
Mar 16, 2022 12:58:53 PM stepDefs.Hooks closeDown
INFO: Scenario  FAILED during execution. Scenario end time: 2022-03-16 12:58:53.448
Mar 16, 2022 12:59:06 PM stepDefs.Hooks startUp
INFO: Scenario TFSAgile_Story run is starting now
Mar 16, 2022 12:59:06 PM stepDefs.Hooks startUp
INFO: Scenario start time: 2022-03-16 12:59:06.629
Mar 16, 2022 12:59:08 PM stepDefs.Hooks closeDown
INFO: =======================================================================
Mar 16, 2022 12:59:08 PM stepDefs.Hooks closeDown
INFO: Scenario  FAILED during execution. Scenario end time: 2022-03-16 12:59:08.185
Mar 16, 2022 12:59:21 PM stepDefs.Hooks startUp
INFO: Scenario TFSAgile_Issue run is starting now
Mar 16, 2022 12:59:21 PM stepDefs.Hooks startUp
INFO: Scenario start time: 2022-03-16 12:59:21.529
Mar 16, 2022 12:59:23 PM stepDefs.Hooks closeDown
INFO: =======================================================================
Mar 16, 2022 12:59:23 PM stepDefs.Hooks closeDown
INFO: Scenario  FAILED during execution. Scenario end time: 2022-03-16 12:59:23.025
Mar 16, 2022 12:59:36 PM stepDefs.Hooks startUp
INFO: Scenario TFSAgile_Bug run is starting now
Mar 16, 2022 12:59:36 PM stepDefs.Hooks startUp
INFO: Scenario start time: 2022-03-16 12:59:36.065
Mar 16, 2022 12:59:37 PM stepDefs.Hooks closeDown
INFO: =======================================================================
Mar 16, 2022 12:59:37 PM stepDefs.Hooks closeDown
INFO: Scenario  FAILED during execution. Scenario end time: 2022-03-16 12:59:37.632
Mar 16, 2022 12:59:50 PM stepDefs.Hooks startUp
INFO: Scenario TFSAgile_Feature run is starting now
Mar 16, 2022 12:59:50 PM stepDefs.Hooks startUp
INFO: Scenario start time: 2022-03-16 12:59:50.671
Mar 16, 2022 12:59:52 PM stepDefs.Hooks closeDown
INFO: =======================================================================
Mar 16, 2022 12:59:52 PM stepDefs.Hooks closeDown
INFO: Scenario  FAILED during execution. Scenario end time: 2022-03-16 12:59:52.24
Mar 16, 2022 1:00:05 PM stepDefs.Hooks startUp
INFO: Scenario TFSAgile_Requirement run is starting now
Mar 16, 2022 1:00:05 PM stepDefs.Hooks startUp
INFO: Scenario start time: 2022-03-16 13:00:05.748
Mar 16, 2022 1:00:07 PM stepDefs.Hooks closeDown
INFO: =======================================================================
Mar 16, 2022 1:00:07 PM stepDefs.Hooks closeDown
INFO: Scenario  FAILED during execution. Scenario end time: 2022-03-16 13:00:07.358
Mar 16, 2022 1:00:20 PM stepDefs.Hooks startUp
INFO: Scenario TFSAgile_TestCase run is starting now
Mar 16, 2022 1:00:20 PM stepDefs.Hooks startUp
INFO: Scenario start time: 2022-03-16 13:00:20.627
Mar 16, 2022 1:00:22 PM stepDefs.Hooks closeDown
INFO: =======================================================================
Mar 16, 2022 1:00:22 PM stepDefs.Hooks closeDown
INFO: Scenario  FAILED during execution. Scenario end time: 2022-03-16 13:00:22.188
