Mar 16, 2022 4:10:55 PM stepDefs.Hooks startUp
INFO: Scenario TFSAgile_Task run is starting now
Mar 16, 2022 4:10:55 PM stepDefs.Hooks startUp
INFO: Scenario start time: 2022-03-16 16:10:55.061
Mar 16, 2022 4:11:09 PM testobjects.CommonFunctions generateToken
INFO: token gen comlpete
Mar 16, 2022 4:11:12 PM testobjects.CommonFunctions copyFileContentFromOneFileToAnother
INFO: Property File loaded
Mar 16, 2022 4:11:15 PM stepDefs.Hooks closeDown
INFO: =======================================================================
Mar 16, 2022 4:11:15 PM stepDefs.Hooks closeDown
INFO: Scenario  FAILED during execution. Scenario end time: 2022-03-16 16:11:15.281
Mar 16, 2022 4:11:34 PM stepDefs.Hooks startUp
INFO: Scenario TFSAgile_Epic run is starting now
Mar 16, 2022 4:11:34 PM stepDefs.Hooks startUp
INFO: Scenario start time: 2022-03-16 16:11:34.323
Mar 16, 2022 4:11:36 PM stepDefs.Hooks closeDown
INFO: =======================================================================
Mar 16, 2022 4:11:36 PM stepDefs.Hooks closeDown
INFO: Scenario  FAILED during execution. Scenario end time: 2022-03-16 16:11:36.898
Mar 16, 2022 4:11:52 PM stepDefs.Hooks startUp
INFO: Scenario TFSAgile_Story run is starting now
Mar 16, 2022 4:11:52 PM stepDefs.Hooks startUp
INFO: Scenario start time: 2022-03-16 16:11:52.743
Mar 16, 2022 4:11:54 PM stepDefs.Hooks closeDown
INFO: =======================================================================
Mar 16, 2022 4:11:54 PM stepDefs.Hooks closeDown
INFO: Scenario  FAILED during execution. Scenario end time: 2022-03-16 16:11:54.489
Mar 16, 2022 4:12:10 PM stepDefs.Hooks startUp
INFO: Scenario TFSAgile_Issue run is starting now
Mar 16, 2022 4:12:10 PM stepDefs.Hooks startUp
INFO: Scenario start time: 2022-03-16 16:12:10.248
Mar 16, 2022 4:12:11 PM stepDefs.Hooks closeDown
INFO: =======================================================================
Mar 16, 2022 4:12:11 PM stepDefs.Hooks closeDown
INFO: Scenario  FAILED during execution. Scenario end time: 2022-03-16 16:12:11.823
Mar 16, 2022 4:12:27 PM stepDefs.Hooks startUp
INFO: Scenario TFSAgile_Bug run is starting now
Mar 16, 2022 4:12:27 PM stepDefs.Hooks startUp
INFO: Scenario start time: 2022-03-16 16:12:27.807
Mar 16, 2022 4:12:29 PM stepDefs.Hooks closeDown
INFO: =======================================================================
Mar 16, 2022 4:12:29 PM stepDefs.Hooks closeDown
INFO: Scenario  FAILED during execution. Scenario end time: 2022-03-16 16:12:29.504
Mar 16, 2022 4:12:45 PM stepDefs.Hooks startUp
INFO: Scenario TFSAgile_Feature run is starting now
Mar 16, 2022 4:12:45 PM stepDefs.Hooks startUp
INFO: Scenario start time: 2022-03-16 16:12:45.741
Mar 16, 2022 4:12:48 PM stepDefs.Hooks closeDown
INFO: =======================================================================
Mar 16, 2022 4:12:48 PM stepDefs.Hooks closeDown
INFO: Scenario  FAILED during execution. Scenario end time: 2022-03-16 16:12:48.229
Mar 16, 2022 4:13:03 PM stepDefs.Hooks startUp
INFO: Scenario TFSAgile_Requirement run is starting now
Mar 16, 2022 4:13:03 PM stepDefs.Hooks startUp
INFO: Scenario start time: 2022-03-16 16:13:03.915
Mar 16, 2022 4:13:06 PM stepDefs.Hooks closeDown
INFO: =======================================================================
Mar 16, 2022 4:13:06 PM stepDefs.Hooks closeDown
INFO: Scenario  FAILED during execution. Scenario end time: 2022-03-16 16:13:06.573
Mar 16, 2022 4:13:22 PM stepDefs.Hooks startUp
INFO: Scenario TFSAgile_TestCase run is starting now
Mar 16, 2022 4:13:22 PM stepDefs.Hooks startUp
INFO: Scenario start time: 2022-03-16 16:13:22.166
Mar 16, 2022 4:13:24 PM stepDefs.Hooks closeDown
INFO: =======================================================================
Mar 16, 2022 4:13:24 PM stepDefs.Hooks closeDown
INFO: Scenario  FAILED during execution. Scenario end time: 2022-03-16 16:13:24.914
