Mar 03, 2022 8:49:53 AM stepDefs.Hooks closeDown
INFO: =======================================================================
Mar 03, 2022 8:49:53 AM stepDefs.Hooks closeDown
INFO: Scenario  FAILED during execution. Scenario end time: 2022-03-03 08:49:53.724
Mar 03, 2022 8:50:07 AM stepDefs.Hooks startUp
INFO: Scenario TFSAgile_Epic run is starting now
Mar 03, 2022 8:50:07 AM stepDefs.Hooks startUp
INFO: Scenario start time: 2022-03-03 08:50:07.313
Mar 03, 2022 8:50:10 AM testobjects.Tools PostRequesttoGetIBResponse
INFO: Got 401 reponse code for Epic for the given tool TFS Agile
Mar 03, 2022 8:50:10 AM stepDefs.Hooks closeDown
INFO: =======================================================================
Mar 03, 2022 8:50:10 AM stepDefs.Hooks closeDown
INFO: Scenario  FAILED during execution. Scenario end time: 2022-03-03 08:50:10.572
Mar 03, 2022 8:50:23 AM stepDefs.Hooks startUp
INFO: Scenario TFSAgile_Story run is starting now
Mar 03, 2022 8:50:23 AM stepDefs.Hooks startUp
INFO: Scenario start time: 2022-03-03 08:50:23.432
Mar 03, 2022 8:50:24 AM testobjects.Tools PostRequesttoGetIBResponse
INFO: Got 401 reponse code for Story for the given tool TFS Agile
Mar 03, 2022 8:50:24 AM stepDefs.Hooks closeDown
INFO: =======================================================================
Mar 03, 2022 8:50:24 AM stepDefs.Hooks closeDown
INFO: Scenario  FAILED during execution. Scenario end time: 2022-03-03 08:50:24.753
Mar 03, 2022 8:50:37 AM stepDefs.Hooks startUp
INFO: Scenario TFSAgile_Issue run is starting now
Mar 03, 2022 8:50:37 AM stepDefs.Hooks startUp
INFO: Scenario start time: 2022-03-03 08:50:37.65
Mar 03, 2022 8:50:38 AM testobjects.Tools PostRequesttoGetIBResponse
INFO: Got 401 reponse code for Issue for the given tool TFS Agile
Mar 03, 2022 8:50:38 AM stepDefs.Hooks closeDown
INFO: =======================================================================
Mar 03, 2022 8:50:38 AM stepDefs.Hooks closeDown
INFO: Scenario  FAILED during execution. Scenario end time: 2022-03-03 08:50:38.878
Mar 03, 2022 8:50:51 AM stepDefs.Hooks startUp
INFO: Scenario TFSAgile_Bug run is starting now
Mar 03, 2022 8:50:51 AM stepDefs.Hooks startUp
INFO: Scenario start time: 2022-03-03 08:50:51.68
Mar 03, 2022 8:50:52 AM testobjects.Tools PostRequesttoGetIBResponse
INFO: Got 401 reponse code for Bug for the given tool TFS Agile
Mar 03, 2022 8:50:52 AM stepDefs.Hooks closeDown
INFO: =======================================================================
Mar 03, 2022 8:50:52 AM stepDefs.Hooks closeDown
INFO: Scenario  FAILED during execution. Scenario end time: 2022-03-03 08:50:52.949
Mar 03, 2022 8:51:05 AM stepDefs.Hooks startUp
INFO: Scenario TFSAgile_Feature run is starting now
Mar 03, 2022 8:51:05 AM stepDefs.Hooks startUp
INFO: Scenario start time: 2022-03-03 08:51:05.768
Mar 03, 2022 8:51:07 AM testobjects.Tools PostRequesttoGetIBResponse
INFO: Got 401 reponse code for Feature for the given tool TFS Agile
Mar 03, 2022 8:51:07 AM stepDefs.Hooks closeDown
INFO: =======================================================================
Mar 03, 2022 8:51:07 AM stepDefs.Hooks closeDown
INFO: Scenario  FAILED during execution. Scenario end time: 2022-03-03 08:51:07.065
Mar 03, 2022 8:51:19 AM stepDefs.Hooks startUp
INFO: Scenario TFSAgile_Requirement run is starting now
Mar 03, 2022 8:51:19 AM stepDefs.Hooks startUp
INFO: Scenario start time: 2022-03-03 08:51:19.916
Mar 03, 2022 8:51:21 AM testobjects.Tools PostRequesttoGetIBResponse
INFO: Got 401 reponse code for Requirement for the given tool TFS Agile
Mar 03, 2022 8:51:21 AM stepDefs.Hooks closeDown
INFO: =======================================================================
Mar 03, 2022 8:51:21 AM stepDefs.Hooks closeDown
INFO: Scenario  FAILED during execution. Scenario end time: 2022-03-03 08:51:21.137
Mar 03, 2022 8:51:33 AM stepDefs.Hooks startUp
INFO: Scenario TFSAgile_TestCase run is starting now
Mar 03, 2022 8:51:33 AM stepDefs.Hooks startUp
INFO: Scenario start time: 2022-03-03 08:51:33.992
Mar 03, 2022 8:51:35 AM testobjects.Tools PostRequesttoGetIBResponse
INFO: Got 401 reponse code for TestCase for the given tool TFS Agile
Mar 03, 2022 8:51:35 AM stepDefs.Hooks closeDown
INFO: =======================================================================
Mar 03, 2022 8:51:35 AM stepDefs.Hooks closeDown
INFO: Scenario  FAILED during execution. Scenario end time: 2022-03-03 08:51:35.314
Mar 03, 2022 8:51:48 AM stepDefs.Hooks startUp
INFO: Scenario TFSAgile_Risk run is starting now
Mar 03, 2022 8:51:48 AM stepDefs.Hooks startUp
INFO: Scenario start time: 2022-03-03 08:51:48.236
Mar 03, 2022 8:51:49 AM testobjects.Tools PostRequesttoGetIBResponse
INFO: Got 401 reponse code for Risk for the given tool TFS Agile
Mar 03, 2022 8:51:49 AM stepDefs.Hooks closeDown
INFO: =======================================================================
Mar 03, 2022 8:51:49 AM stepDefs.Hooks closeDown
INFO: Scenario  FAILED during execution. Scenario end time: 2022-03-03 08:51:49.454
Mar 03, 2022 8:52:02 AM stepDefs.Hooks startUp
INFO: Scenario TFSAgile_Deliverable run is starting now
Mar 03, 2022 8:52:02 AM stepDefs.Hooks startUp
INFO: Scenario start time: 2022-03-03 08:52:02.431
Mar 03, 2022 8:52:03 AM testobjects.Tools PostRequesttoGetIBResponse
INFO: Got 401 reponse code for Deliverable for the given tool TFS Agile
Mar 03, 2022 8:52:03 AM stepDefs.Hooks closeDown
INFO: =======================================================================
Mar 03, 2022 8:52:03 AM stepDefs.Hooks closeDown
INFO: Scenario  FAILED during execution. Scenario end time: 2022-03-03 08:52:03.665
Mar 03, 2022 8:52:16 AM stepDefs.Hooks startUp
INFO: Scenario TFSAgile_Action run is starting now
Mar 03, 2022 8:52:16 AM stepDefs.Hooks startUp
INFO: Scenario start time: 2022-03-03 08:52:16.765
Mar 03, 2022 8:52:17 AM testobjects.Tools PostRequesttoGetIBResponse
INFO: Got 401 reponse code for Action for the given tool TFS Agile
Mar 03, 2022 8:52:17 AM stepDefs.Hooks closeDown
INFO: =======================================================================
Mar 03, 2022 8:52:17 AM stepDefs.Hooks closeDown
INFO: Scenario  FAILED during execution. Scenario end time: 2022-03-03 08:52:17.999
Mar 03, 2022 8:52:30 AM stepDefs.Hooks startUp
INFO: Scenario TFSAgile_Decision run is starting now
Mar 03, 2022 8:52:30 AM stepDefs.Hooks startUp
INFO: Scenario start time: 2022-03-03 08:52:30.891
Mar 03, 2022 8:52:32 AM testobjects.Tools PostRequesttoGetIBResponse
INFO: Got 401 reponse code for Decision for the given tool TFS Agile
Mar 03, 2022 8:52:32 AM stepDefs.Hooks closeDown
INFO: =======================================================================
Mar 03, 2022 8:52:32 AM stepDefs.Hooks closeDown
INFO: Scenario  FAILED during execution. Scenario end time: 2022-03-03 08:52:32.115
Mar 03, 2022 8:52:44 AM stepDefs.Hooks startUp
INFO: Scenario TFSAgile_Milestone run is starting now
Mar 03, 2022 8:52:44 AM stepDefs.Hooks startUp
INFO: Scenario start time: 2022-03-03 08:52:44.928
Mar 03, 2022 8:52:46 AM testobjects.Tools PostRequesttoGetIBResponse
INFO: Got 401 reponse code for Milestone for the given tool TFS Agile
Mar 03, 2022 8:52:46 AM stepDefs.Hooks closeDown
INFO: =======================================================================
Mar 03, 2022 8:52:46 AM stepDefs.Hooks closeDown
INFO: Scenario  FAILED during execution. Scenario end time: 2022-03-03 08:52:46.114
Mar 03, 2022 8:52:58 AM stepDefs.Hooks startUp
INFO: Scenario TFSAgile_WorkRequest run is starting now
Mar 03, 2022 8:52:58 AM stepDefs.Hooks startUp
INFO: Scenario start time: 2022-03-03 08:52:58.999
Mar 03, 2022 8:53:00 AM testobjects.Tools PostRequesttoGetIBResponse
INFO: Got 401 reponse code for Work Request for the given tool TFS Agile
Mar 03, 2022 8:53:00 AM stepDefs.Hooks closeDown
INFO: =======================================================================
Mar 03, 2022 8:53:00 AM stepDefs.Hooks closeDown
INFO: Scenario  FAILED during execution. Scenario end time: 2022-03-03 08:53:00.238
Mar 03, 2022 8:53:13 AM stepDefs.Hooks startUp
INFO: Scenario TFSAgile_DIY_IBVerification_Release_Sprint run is starting now
Mar 03, 2022 8:53:13 AM stepDefs.Hooks startUp
INFO: Scenario start time: 2022-03-03 08:53:13.143
Mar 03, 2022 8:59:45 AM testobjects.CommonAcrossApps LoginToMyWizard
INFO: MyWizard page could not be loaded
Mar 03, 2022 8:59:45 AM stepDefs.Hooks closeDown
INFO: =======================================================================
Mar 03, 2022 8:59:45 AM stepDefs.Hooks closeDown
INFO: Scenario  FAILED during execution. Scenario end time: 2022-03-03 08:59:45.497
