Mar 11, 2022 8:35:13 AM stepDefs.Hooks startUp
INFO: Scenario TFSAgile_Task run is starting now
Mar 11, 2022 8:35:13 AM stepDefs.Hooks startUp
INFO: Scenario start time: 2022-03-11 08:35:13.515
Mar 11, 2022 8:35:27 AM testobjects.CommonFunctions generateToken
INFO: token gen comlpete
Mar 11, 2022 8:35:30 AM testobjects.CommonFunctions copyFileContentFromOneFileToAnother
INFO: Property File loaded
Mar 11, 2022 8:35:33 AM stepDefs.Hooks closeDown
INFO: =======================================================================
Mar 11, 2022 8:35:33 AM stepDefs.Hooks closeDown
INFO: Scenario  PASSED during execution. Scenario end time: 2022-03-11 08:35:33.057
Mar 11, 2022 8:35:49 AM stepDefs.Hooks startUp
INFO: Scenario TFSAgile_Epic run is starting now
Mar 11, 2022 8:35:49 AM stepDefs.Hooks startUp
INFO: Scenario start time: 2022-03-11 08:35:49.681
Mar 11, 2022 8:35:51 AM stepDefs.Hooks closeDown
INFO: =======================================================================
Mar 11, 2022 8:35:51 AM stepDefs.Hooks closeDown
INFO: Scenario  PASSED during execution. Scenario end time: 2022-03-11 08:35:51.655
Mar 11, 2022 8:36:06 AM stepDefs.Hooks startUp
INFO: Scenario TFSAgile_Story run is starting now
Mar 11, 2022 8:36:06 AM stepDefs.Hooks startUp
INFO: Scenario start time: 2022-03-11 08:36:06.625
Mar 11, 2022 8:36:08 AM stepDefs.Hooks closeDown
INFO: =======================================================================
Mar 11, 2022 8:36:08 AM stepDefs.Hooks closeDown
INFO: Scenario  PASSED during execution. Scenario end time: 2022-03-11 08:36:08.444
Mar 11, 2022 8:36:23 AM stepDefs.Hooks startUp
INFO: Scenario TFSAgile_Issue run is starting now
Mar 11, 2022 8:36:23 AM stepDefs.Hooks startUp
INFO: Scenario start time: 2022-03-11 08:36:23.629
Mar 11, 2022 8:36:28 AM stepDefs.Hooks closeDown
INFO: =======================================================================
Mar 11, 2022 8:36:28 AM stepDefs.Hooks closeDown
INFO: Scenario  PASSED during execution. Scenario end time: 2022-03-11 08:36:28.419
Mar 11, 2022 8:36:43 AM stepDefs.Hooks startUp
INFO: Scenario TFSAgile_Bug run is starting now
Mar 11, 2022 8:36:43 AM stepDefs.Hooks startUp
INFO: Scenario start time: 2022-03-11 08:36:43.508
Mar 11, 2022 8:36:45 AM stepDefs.Hooks closeDown
INFO: =======================================================================
Mar 11, 2022 8:36:45 AM stepDefs.Hooks closeDown
INFO: Scenario  PASSED during execution. Scenario end time: 2022-03-11 08:36:45.694
Mar 11, 2022 8:37:01 AM stepDefs.Hooks startUp
INFO: Scenario TFSAgile_Feature run is starting now
Mar 11, 2022 8:37:01 AM stepDefs.Hooks startUp
INFO: Scenario start time: 2022-03-11 08:37:01.467
Mar 11, 2022 8:37:03 AM stepDefs.Hooks closeDown
INFO: =======================================================================
Mar 11, 2022 8:37:03 AM stepDefs.Hooks closeDown
INFO: Scenario  PASSED during execution. Scenario end time: 2022-03-11 08:37:03.206
Mar 11, 2022 8:37:18 AM stepDefs.Hooks startUp
INFO: Scenario TFSAgile_Requirement run is starting now
Mar 11, 2022 8:37:18 AM stepDefs.Hooks startUp
INFO: Scenario start time: 2022-03-11 08:37:18.645
Mar 11, 2022 8:37:20 AM stepDefs.Hooks closeDown
INFO: =======================================================================
Mar 11, 2022 8:37:20 AM stepDefs.Hooks closeDown
INFO: Scenario  PASSED during execution. Scenario end time: 2022-03-11 08:37:20.878
Mar 11, 2022 8:37:35 AM stepDefs.Hooks startUp
INFO: Scenario TFSAgile_TestCase run is starting now
Mar 11, 2022 8:37:35 AM stepDefs.Hooks startUp
INFO: Scenario start time: 2022-03-11 08:37:35.952
Mar 11, 2022 8:37:37 AM stepDefs.Hooks closeDown
INFO: =======================================================================
Mar 11, 2022 8:37:37 AM stepDefs.Hooks closeDown
INFO: Scenario  PASSED during execution. Scenario end time: 2022-03-11 08:37:37.747
Mar 11, 2022 8:37:52 AM stepDefs.Hooks startUp
INFO: Scenario TFSAgile_Risk run is starting now
Mar 11, 2022 8:37:52 AM stepDefs.Hooks startUp
INFO: Scenario start time: 2022-03-11 08:37:52.897
Mar 11, 2022 8:37:54 AM stepDefs.Hooks closeDown
INFO: =======================================================================
Mar 11, 2022 8:37:54 AM stepDefs.Hooks closeDown
INFO: Scenario  PASSED during execution. Scenario end time: 2022-03-11 08:37:54.593
Mar 11, 2022 8:38:09 AM stepDefs.Hooks startUp
INFO: Scenario TFSAgile_Deliverable run is starting now
Mar 11, 2022 8:38:09 AM stepDefs.Hooks startUp
INFO: Scenario start time: 2022-03-11 08:38:09.63
Mar 11, 2022 8:38:11 AM stepDefs.Hooks closeDown
INFO: =======================================================================
Mar 11, 2022 8:38:11 AM stepDefs.Hooks closeDown
INFO: Scenario  FAILED during execution. Scenario end time: 2022-03-11 08:38:11.359
Mar 11, 2022 8:38:26 AM stepDefs.Hooks startUp
INFO: Scenario TFSAgile_Action run is starting now
Mar 11, 2022 8:38:26 AM stepDefs.Hooks startUp
INFO: Scenario start time: 2022-03-11 08:38:26.514
Mar 11, 2022 8:38:28 AM stepDefs.Hooks closeDown
INFO: =======================================================================
Mar 11, 2022 8:38:28 AM stepDefs.Hooks closeDown
INFO: Scenario  PASSED during execution. Scenario end time: 2022-03-11 08:38:28.526
Mar 11, 2022 8:38:43 AM stepDefs.Hooks startUp
INFO: Scenario TFSAgile_Decision run is starting now
Mar 11, 2022 8:38:43 AM stepDefs.Hooks startUp
INFO: Scenario start time: 2022-03-11 08:38:43.871
Mar 11, 2022 8:38:45 AM stepDefs.Hooks closeDown
INFO: =======================================================================
Mar 11, 2022 8:38:45 AM stepDefs.Hooks closeDown
INFO: Scenario  PASSED during execution. Scenario end time: 2022-03-11 08:38:45.971
Mar 11, 2022 8:39:03 AM stepDefs.Hooks startUp
INFO: Scenario TFSAgile_Milestone run is starting now
Mar 11, 2022 8:39:03 AM stepDefs.Hooks startUp
INFO: Scenario start time: 2022-03-11 08:39:03.368
Mar 11, 2022 8:39:05 AM stepDefs.Hooks closeDown
INFO: =======================================================================
Mar 11, 2022 8:39:05 AM stepDefs.Hooks closeDown
INFO: Scenario  PASSED during execution. Scenario end time: 2022-03-11 08:39:05.522
Mar 11, 2022 8:39:20 AM stepDefs.Hooks startUp
INFO: Scenario TFSAgile_WorkRequest run is starting now
Mar 11, 2022 8:39:20 AM stepDefs.Hooks startUp
INFO: Scenario start time: 2022-03-11 08:39:20.975
Mar 11, 2022 8:39:22 AM stepDefs.Hooks closeDown
INFO: =======================================================================
Mar 11, 2022 8:39:22 AM stepDefs.Hooks closeDown
INFO: Scenario  PASSED during execution. Scenario end time: 2022-03-11 08:39:22.82
Mar 11, 2022 8:39:37 AM stepDefs.Hooks startUp
INFO: Scenario TFSAgile_DIY_IBVerification_Release_Sprint run is starting now
Mar 11, 2022 8:39:37 AM stepDefs.Hooks startUp
INFO: Scenario start time: 2022-03-11 08:39:37.987
Mar 11, 2022 8:40:30 AM testobjects.CommonAcrossApps LoginToMyWizard
INFO: MyWizard page could not be loaded
Mar 11, 2022 8:40:30 AM stepDefs.Hooks closeDown
INFO: =======================================================================
Mar 11, 2022 8:40:30 AM stepDefs.Hooks closeDown
INFO: Scenario  FAILED during execution. Scenario end time: 2022-03-11 08:40:30.272
